<?xml version="1.0" encoding="UTF-8" ?>
<testsuite tests="5" failures="0" name="com.cg.runner.TestRunnerFlight" time="0.051" errors="2" skipped="1">
  <properties>
    <property name="java.vendor" value="Oracle Corporation"/>
    <property name="JOB_NAME" value="FlightbookingCucumber"/>
    <property name="RUN_TESTS_DISPLAY_URL" value="http://localhost:8080/job/FlightbookingCucumber/10/display/redirect?page=tests"/>
    <property name="sun.java.launcher" value="SUN_STANDARD"/>
    <property name="NUMBER_OF_PROCESSORS" value="2"/>
    <property name="sun.management.compiler" value="HotSpot Client Compiler"/>
    <property name="JENKINS_HOME" value="C:\Users\Avik Chatterjee\.jenkins"/>
    <property name="HUDSON_SERVER_COOKIE" value="1145801a56df1bbe"/>
    <property name="POM_ARTIFACTID" value="FlightBookingCucumber"/>
    <property name="os.name" value="Windows 7"/>
    <property name="sun.boot.class.path" value="C:\Program Files\Java\jdk1.8.0_251\jre\lib\resources.jar;C:\Program Files\Java\jdk1.8.0_251\jre\lib\rt.jar;C:\Program Files\Java\jdk1.8.0_251\jre\lib\sunrsasign.jar;C:\Program Files\Java\jdk1.8.0_251\jre\lib\jsse.jar;C:\Program Files\Java\jdk1.8.0_251\jre\lib\jce.jar;C:\Program Files\Java\jdk1.8.0_251\jre\lib\charsets.jar;C:\Program Files\Java\jdk1.8.0_251\jre\lib\jfr.jar;C:\Program Files\Java\jdk1.8.0_251\jre\classes"/>
    <property name="EXECUTOR_NUMBER" value="0"/>
    <property name="sun.desktop" value="windows"/>
    <property name="PATHEXT" value=".COM;.EXE;.BAT;.CMD;.VBS;.VBE;.JS;.JSE;.WSF;.WSH;.MSC"/>
    <property name="java.vm.specification.vendor" value="Oracle Corporation"/>
    <property name="POM_DISPLAYNAME" value="FlightBookingCucumber"/>
    <property name="NODE_LABELS" value="master"/>
    <property name="TEMP" value="C:\Users\AVIKCH~1\AppData\Local\Temp"/>
    <property name="java.runtime.version" value="1.8.0_251-b08"/>
    <property name="user.name" value="Avik Chatterjee"/>
    <property name="guice.disable.misplaced.annotation.check" value="true"/>
    <property name="ProgramFiles" value="C:\Program Files"/>
    <property name="PROMPT" value="$P$G"/>
    <property name="user.language" value="en"/>
    <property name="JOB_BASE_NAME" value="FlightbookingCucumber"/>
    <property name="RUN_CHANGES_DISPLAY_URL" value="http://localhost:8080/job/FlightbookingCucumber/10/display/redirect?page=changes"/>
    <property name="BUILD_DISPLAY_NAME" value="#10"/>
    <property name="sun.boot.library.path" value="C:\Program Files\Java\jdk1.8.0_251\jre\bin"/>
    <property name="LOCALAPPDATA" value="C:\Users\Avik Chatterjee\AppData\Local"/>
    <property name="java.version" value="1.8.0_251"/>
    <property name="PROCESSOR_LEVEL" value="6"/>
    <property name="user.timezone" value="Asia/Calcutta"/>
    <property name="USERNAME" value="Avik Chatterjee"/>
    <property name="sun.arch.data.model" value="32"/>
    <property name="MOZ_PLUGIN_PATH" value="C:\Program Files\Foxit Software\Foxit Reader\plugins\"/>
    <property name="NODE_NAME" value="master"/>
    <property name="java.endorsed.dirs" value="C:\Program Files\Java\jdk1.8.0_251\jre\lib\endorsed"/>
    <property name="BUILD_ID" value="10"/>
    <property name="sun.cpu.isalist" value="pentium_pro+mmx pentium_pro pentium+mmx pentium i486 i386 i86"/>
    <property name="sun.jnu.encoding" value="Cp1252"/>
    <property name="file.encoding.pkg" value="sun.io"/>
    <property name="file.separator" value="\"/>
    <property name="java.specification.name" value="Java Platform API Specification"/>
    <property name="HOMEDRIVE" value="C:"/>
    <property name="maven.conf" value="C:\Users\Avik Chatterjee\.jenkins\tools\hudson.tasks.Maven_MavenInstallation\TestMaven\conf"/>
    <property name="java.class.version" value="52.0"/>
    <property name="ESET_OPTIONS" value="                                                                                                                                                                                                                                                                                                                                                                                                                                                                                                                               "/>
    <property name="org.slf4j.simpleLogger.defaultLogLevel" value="info"/>
    <property name="user.country" value="US"/>
    <property name="ALLUSERSPROFILE" value="C:\ProgramData"/>
    <property name="java.home" value="C:\Program Files\Java\jdk1.8.0_251\jre"/>
    <property name="java.vm.info" value="mixed mode, sharing"/>
    <property name="os.version" value="6.1"/>
    <property name="RUN_DISPLAY_URL" value="http://localhost:8080/job/FlightbookingCucumber/10/display/redirect"/>
    <property name="POM_VERSION" value="0.0.1-SNAPSHOT"/>
    <property name="TMP" value="C:\Users\AVIKCH~1\AppData\Local\Temp"/>
    <property name="RUN_ARTIFACTS_DISPLAY_URL" value="http://localhost:8080/job/FlightbookingCucumber/10/display/redirect?page=artifacts"/>
    <property name="path.separator" value=";"/>
    <property name="java.vm.version" value="25.251-b08"/>
    <property name="user.variant" value=""/>
    <property name="JOB_DISPLAY_URL" value="http://localhost:8080/job/FlightbookingCucumber/display/redirect"/>
    <property name="java.awt.printerjob" value="sun.awt.windows.WPrinterJob"/>
    <property name="FP_NO_HOST_CHECK" value="NO"/>
    <property name="JAVA_HOME" value="C:\Program Files\Java\jdk1.8.0_251"/>
    <property name="sun.io.unicode.encoding" value="UnicodeLittle"/>
    <property name="CommonProgramFiles" value="C:\Program Files\Common Files"/>
    <property name="ComSpec" value="C:\Windows\system32\cmd.exe"/>
    <property name="HOMEPATH" value="\Users\Avik Chatterjee"/>
    <property name="awt.toolkit" value="sun.awt.windows.WToolkit"/>
    <property name="POM_PACKAGING" value="jar"/>
    <property name="user.script" value=""/>
    <property name="COMPUTERNAME" value="PRATIK"/>
    <property name="POM_GROUPID" value="capeminiFschool"/>
    <property name="user.home" value="C:\Users\Avik Chatterjee"/>
    <property name="PUBLIC" value="C:\Users\Public"/>
    <property name="BUILD_TAG" value="jenkins-FlightbookingCucumber-10"/>
    <property name="JENKINS_SERVER_COOKIE" value="1145801a56df1bbe"/>
    <property name="HUDSON_URL" value="http://localhost:8080/"/>
    <property name="ProgramData" value="C:\ProgramData"/>
    <property name="java.specification.vendor" value="Oracle Corporation"/>
    <property name="USERPROFILE" value="C:\Users\Avik Chatterjee"/>
    <property name="CLASSPATH" value=""/>
    <property name="java.vendor.url" value="http://java.oracle.com/"/>
    <property name="java.library.path" value="C:\Program Files\Java\jdk1.8.0_251\bin;C:\Windows\Sun\Java\bin;C:\Windows\system32;C:\Windows;C:\Users\Avik Chatterjee\.jenkins\tools\hudson.tasks.Maven_MavenInstallation\TestMaven/bin;C:\Program Files\Java\jdk1.8.0_251\bin;."/>
    <property name="java.vm.vendor" value="Oracle Corporation"/>
    <property name="APPDATA" value="C:\Users\Avik Chatterjee\AppData\Roaming"/>
    <property name="java.runtime.name" value="Java(TM) SE Runtime Environment"/>
    <property name="maven.home" value="C:\Users\Avik Chatterjee\.jenkins\tools\hudson.tasks.Maven_MavenInstallation\TestMaven"/>
    <property name="java.class.path" value="C:\Users\Avik Chatterjee\.jenkins\plugins\maven-plugin\WEB-INF\lib\maven35-agent-1.13.jar;C:\Users\Avik Chatterjee\.jenkins\tools\hudson.tasks.Maven_MavenInstallation\TestMaven\boot\plexus-classworlds-2.6.0.jar;C:\Users\Avik Chatterjee\.jenkins\tools\hudson.tasks.Maven_MavenInstallation\TestMaven/conf/logging"/>
    <property name="sun.java.command" value="jenkins.maven3.agent.Maven35Main C:\Users\Avik Chatterjee\.jenkins\tools\hudson.tasks.Maven_MavenInstallation\TestMaven C:\Users\Avik Chatterjee\.jenkins\war\WEB-INF\lib\remoting-4.3.jar C:\Users\Avik Chatterjee\.jenkins\plugins\maven-plugin\WEB-INF\lib\maven35-interceptor-1.13.jar C:\Users\Avik Chatterjee\.jenkins\plugins\maven-plugin\WEB-INF\lib\maven3-interceptor-commons-1.13.jar 50504"/>
    <property name="Path" value="C:\Program Files\Java\jdk1.8.0_251\bin"/>
    <property name="java.vm.specification.name" value="Java Virtual Machine Specification"/>
    <property name="PROCESSOR_ARCHITECTURE" value="x86"/>
    <property name="PROCESSOR_IDENTIFIER" value="x86 Family 6 Model 23 Stepping 10, GenuineIntel"/>
    <property name="SESSIONNAME" value="Console"/>
    <property name="java.vm.specification.version" value="1.8"/>
    <property name="sun.os.patch.level" value="Service Pack 1"/>
    <property name="sun.cpu.endian" value="little"/>
    <property name="M2_HOME" value="C:\Users\Avik Chatterjee\.jenkins\tools\hudson.tasks.Maven_MavenInstallation\TestMaven"/>
    <property name="java.io.tmpdir" value="C:\Users\AVIKCH~1\AppData\Local\Temp\"/>
    <property name="OS" value="Windows_NT"/>
    <property name="HUDSON_HOME" value="C:\Users\Avik Chatterjee\.jenkins"/>
    <property name="PATH+MAVEN" value="C:\Users\Avik Chatterjee\.jenkins\tools\hudson.tasks.Maven_MavenInstallation\TestMaven/bin"/>
    <property name="BUILD_URL" value="http://localhost:8080/job/FlightbookingCucumber/10/"/>
    <property name="java.vendor.url.bug" value="http://bugreport.sun.com/bugreport/"/>
    <property name="java.awt.graphicsenv" value="sun.awt.Win32GraphicsEnvironment"/>
    <property name="os.arch" value="x86"/>
    <property name="SystemRoot" value="C:\Windows"/>
    <property name="java.ext.dirs" value="C:\Program Files\Java\jdk1.8.0_251\jre\lib\ext;C:\Windows\Sun\Java\lib\ext"/>
    <property name="user.dir" value="C:\Users\Avik Chatterjee\workspace\FlightBookingCucumber"/>
    <property name="JOB_URL" value="http://localhost:8080/job/FlightbookingCucumber/"/>
    <property name="LOGONSERVER" value="\\PRATIK"/>
    <property name="USERDOMAIN" value="PRATIK"/>
    <property name="line.separator" value="
"/>
    <property name="MAVEN_HOME" value="C:\Users\Avik Chatterjee\.jenkins\tools\hudson.tasks.Maven_MavenInstallation\TestMaven"/>
    <property name="java.vm.name" value="Java HotSpot(TM) Client VM"/>
    <property name="BUILD_NUMBER" value="10"/>
    <property name="JENKINS_URL" value="http://localhost:8080/"/>
    <property name="PROCESSOR_REVISION" value="170a"/>
    <property name="windir" value="C:\Windows"/>
    <property name="=C:" value="C:\"/>
    <property name="file.encoding" value="Cp1252"/>
    <property name="SystemDrive" value="C:"/>
    <property name="maven3.interceptor" value="C:\Users\Avik Chatterjee\.jenkins\plugins\maven-plugin\WEB-INF\lib\maven35-interceptor-1.13.jar"/>
    <property name="WORKSPACE_TMP" value="C:\Users\Avik Chatterjee\.jenkins\workspace\FlightbookingCucumber@tmp"/>
    <property name="WORKSPACE" value="C:\Users\Avik Chatterjee\.jenkins\workspace\FlightbookingCucumber"/>
    <property name="maven3.interceptor.common" value="C:\Users\Avik Chatterjee\.jenkins\plugins\maven-plugin\WEB-INF\lib\maven3-interceptor-commons-1.13.jar"/>
    <property name="java.specification.version" value="1.8"/>
    <property name="PSModulePath" value="C:\Windows\system32\WindowsPowerShell\v1.0\Modules\"/>
  </properties>
  <testcase classname="| New Delhi | Mumbai | 01/08/2020 |" name="Given user is on booking Page" time="0.005"/>
  <testcase classname="| New Delhi | Mumbai | 01/08/2020 |" name="When user enters &quot;New Delhi&quot; and &quot;Mumbai&quot;" time="0"/>
  <testcase classname="| New Delhi | Mumbai | 01/08/2020 |" name="And user selects &quot;01/08/2020&quot;" time="0.014">
    <error message="element click intercepted: Element &lt;input data-role=&quot;none&quot; readonly=&quot;readonly&quot; type=&quot;text&quot; autocomplete=&quot;false&quot; name=&quot;flight_origin_date&quot; placeholder=&quot; &quot; id=&quot;BE_flight_origin_date&quot; class=&quot;custom-date-input BE_flight_origin_date&quot;&gt; is not clickable at point (130, 331). Other element would receive the click: &lt;iframe title=&quot;notification-frame-~5586c904&quot; name=&quot;notification-frame-~5586c904&quot; id=&quot;webklipper-publisher-widget-container-notification-frame&quot; frameborder=&quot;0&quot; marginheight=&quot;0&quot; marginwidth=&quot;0&quot; style=&quot;display: block; z-index: 16776272; position: fixed; visibility: visible; height: 100%; width: 100%; top: 0px; left: 0px; right: auto;&quot; data-notification-layout-id=&quot;~184fc0b7&quot; data-notification-layout-name=&quot;modal&quot;&gt;&lt;/iframe&gt;
  (Session info: chrome=84.0.4147.89)
Build info: version: &apos;3.141.59&apos;, revision: &apos;e82be7d358&apos;, time: &apos;2018-11-14T08:17:03&apos;
System info: host: &apos;PRATIK&apos;, ip: &apos;192.168.42.171&apos;, os.name: &apos;Windows 7&apos;, os.arch: &apos;x86&apos;, os.version: &apos;6.1&apos;, java.version: &apos;1.8.0_251&apos;
Driver info: org.openqa.selenium.chrome.ChromeDriver
Capabilities {acceptInsecureCerts: false, browserName: chrome, browserVersion: 84.0.4147.89, chrome: {chromedriverVersion: 83.0.4103.39 (ccbf011cb2d2b..., userDataDir: C:\Users\AVIKCH~1\AppData\L...}, goog:chromeOptions: {debuggerAddress: localhost:50510}, javascriptEnabled: true, networkConnectionEnabled: false, pageLoadStrategy: normal, platform: WINDOWS, platformName: WINDOWS, proxy: Proxy(), setWindowRect: true, strictFileInteractability: false, timeouts: {implicit: 0, pageLoad: 300000, script: 30000}, unhandledPromptBehavior: dismiss and notify, webauthn:virtualAuthenticators: true}
Session ID: ea1024cfc5ce5325ca0bff801d8d6268" type="org.openqa.selenium.ElementClickInterceptedException">org.openqa.selenium.ElementClickInterceptedException: element click intercepted: Element &lt;input data-role=&quot;none&quot; readonly=&quot;readonly&quot; type=&quot;text&quot; autocomplete=&quot;false&quot; name=&quot;flight_origin_date&quot; placeholder=&quot; &quot; id=&quot;BE_flight_origin_date&quot; class=&quot;custom-date-input BE_flight_origin_date&quot;&gt; is not clickable at point (130, 331). Other element would receive the click: &lt;iframe title=&quot;notification-frame-~5586c904&quot; name=&quot;notification-frame-~5586c904&quot; id=&quot;webklipper-publisher-widget-container-notification-frame&quot; frameborder=&quot;0&quot; marginheight=&quot;0&quot; marginwidth=&quot;0&quot; style=&quot;display: block; z-index: 16776272; position: fixed; visibility: visible; height: 100%; width: 100%; top: 0px; left: 0px; right: auto;&quot; data-notification-layout-id=&quot;~184fc0b7&quot; data-notification-layout-name=&quot;modal&quot;&gt;&lt;/iframe&gt;
  (Session info: chrome=84.0.4147.89)
Build info: version: &apos;3.141.59&apos;, revision: &apos;e82be7d358&apos;, time: &apos;2018-11-14T08:17:03&apos;
System info: host: &apos;PRATIK&apos;, ip: &apos;192.168.42.171&apos;, os.name: &apos;Windows 7&apos;, os.arch: &apos;x86&apos;, os.version: &apos;6.1&apos;, java.version: &apos;1.8.0_251&apos;
Driver info: org.openqa.selenium.chrome.ChromeDriver
Capabilities {acceptInsecureCerts: false, browserName: chrome, browserVersion: 84.0.4147.89, chrome: {chromedriverVersion: 83.0.4103.39 (ccbf011cb2d2b..., userDataDir: C:\Users\AVIKCH~1\AppData\L...}, goog:chromeOptions: {debuggerAddress: localhost:50510}, javascriptEnabled: true, networkConnectionEnabled: false, pageLoadStrategy: normal, platform: WINDOWS, platformName: WINDOWS, proxy: Proxy(), setWindowRect: true, strictFileInteractability: false, timeouts: {implicit: 0, pageLoad: 300000, script: 30000}, unhandledPromptBehavior: dismiss and notify, webauthn:virtualAuthenticators: true}
Session ID: ea1024cfc5ce5325ca0bff801d8d6268
	at sun.reflect.NativeConstructorAccessorImpl.newInstance0(Native Method)
	at sun.reflect.NativeConstructorAccessorImpl.newInstance(NativeConstructorAccessorImpl.java:62)
	at sun.reflect.DelegatingConstructorAccessorImpl.newInstance(DelegatingConstructorAccessorImpl.java:45)
	at java.lang.reflect.Constructor.newInstance(Constructor.java:423)
	at org.openqa.selenium.remote.http.W3CHttpResponseCodec.createException(W3CHttpResponseCodec.java:187)
	at org.openqa.selenium.remote.http.W3CHttpResponseCodec.decode(W3CHttpResponseCodec.java:122)
	at org.openqa.selenium.remote.http.W3CHttpResponseCodec.decode(W3CHttpResponseCodec.java:49)
	at org.openqa.selenium.remote.HttpCommandExecutor.execute(HttpCommandExecutor.java:158)
	at org.openqa.selenium.remote.service.DriverCommandExecutor.execute(DriverCommandExecutor.java:83)
	at org.openqa.selenium.remote.RemoteWebDriver.execute(RemoteWebDriver.java:552)
	at org.openqa.selenium.remote.RemoteWebElement.execute(RemoteWebElement.java:285)
	at org.openqa.selenium.remote.RemoteWebElement.click(RemoteWebElement.java:84)
	at com.cg.stepDefinition.BookingFlightStepDef.user_selects(BookingFlightStepDef.java:95)
	at ✽.And user selects &quot;01/08/2020&quot;(booking.feature:6)
</error>
  </testcase>
  <testcase classname="| New Delhi | Mumbai | 01/08/2020 |" name="| New Delhi | Mumbai | 01/08/2020 |" time="0.016">
    <error message="element click intercepted: Element &lt;input data-role=&quot;none&quot; readonly=&quot;readonly&quot; type=&quot;text&quot; autocomplete=&quot;false&quot; name=&quot;flight_origin_date&quot; placeholder=&quot; &quot; id=&quot;BE_flight_origin_date&quot; class=&quot;custom-date-input BE_flight_origin_date&quot;&gt; is not clickable at point (130, 331). Other element would receive the click: &lt;iframe title=&quot;notification-frame-~5586c904&quot; name=&quot;notification-frame-~5586c904&quot; id=&quot;webklipper-publisher-widget-container-notification-frame&quot; frameborder=&quot;0&quot; marginheight=&quot;0&quot; marginwidth=&quot;0&quot; style=&quot;display: block; z-index: 16776272; position: fixed; visibility: visible; height: 100%; width: 100%; top: 0px; left: 0px; right: auto;&quot; data-notification-layout-id=&quot;~184fc0b7&quot; data-notification-layout-name=&quot;modal&quot;&gt;&lt;/iframe&gt;
  (Session info: chrome=84.0.4147.89)
Build info: version: &apos;3.141.59&apos;, revision: &apos;e82be7d358&apos;, time: &apos;2018-11-14T08:17:03&apos;
System info: host: &apos;PRATIK&apos;, ip: &apos;192.168.42.171&apos;, os.name: &apos;Windows 7&apos;, os.arch: &apos;x86&apos;, os.version: &apos;6.1&apos;, java.version: &apos;1.8.0_251&apos;
Driver info: org.openqa.selenium.chrome.ChromeDriver
Capabilities {acceptInsecureCerts: false, browserName: chrome, browserVersion: 84.0.4147.89, chrome: {chromedriverVersion: 83.0.4103.39 (ccbf011cb2d2b..., userDataDir: C:\Users\AVIKCH~1\AppData\L...}, goog:chromeOptions: {debuggerAddress: localhost:50510}, javascriptEnabled: true, networkConnectionEnabled: false, pageLoadStrategy: normal, platform: WINDOWS, platformName: WINDOWS, proxy: Proxy(), setWindowRect: true, strictFileInteractability: false, timeouts: {implicit: 0, pageLoad: 300000, script: 30000}, unhandledPromptBehavior: dismiss and notify, webauthn:virtualAuthenticators: true}
Session ID: ea1024cfc5ce5325ca0bff801d8d6268" type="org.openqa.selenium.ElementClickInterceptedException">org.openqa.selenium.ElementClickInterceptedException: element click intercepted: Element &lt;input data-role=&quot;none&quot; readonly=&quot;readonly&quot; type=&quot;text&quot; autocomplete=&quot;false&quot; name=&quot;flight_origin_date&quot; placeholder=&quot; &quot; id=&quot;BE_flight_origin_date&quot; class=&quot;custom-date-input BE_flight_origin_date&quot;&gt; is not clickable at point (130, 331). Other element would receive the click: &lt;iframe title=&quot;notification-frame-~5586c904&quot; name=&quot;notification-frame-~5586c904&quot; id=&quot;webklipper-publisher-widget-container-notification-frame&quot; frameborder=&quot;0&quot; marginheight=&quot;0&quot; marginwidth=&quot;0&quot; style=&quot;display: block; z-index: 16776272; position: fixed; visibility: visible; height: 100%; width: 100%; top: 0px; left: 0px; right: auto;&quot; data-notification-layout-id=&quot;~184fc0b7&quot; data-notification-layout-name=&quot;modal&quot;&gt;&lt;/iframe&gt;
  (Session info: chrome=84.0.4147.89)
Build info: version: &apos;3.141.59&apos;, revision: &apos;e82be7d358&apos;, time: &apos;2018-11-14T08:17:03&apos;
System info: host: &apos;PRATIK&apos;, ip: &apos;192.168.42.171&apos;, os.name: &apos;Windows 7&apos;, os.arch: &apos;x86&apos;, os.version: &apos;6.1&apos;, java.version: &apos;1.8.0_251&apos;
Driver info: org.openqa.selenium.chrome.ChromeDriver
Capabilities {acceptInsecureCerts: false, browserName: chrome, browserVersion: 84.0.4147.89, chrome: {chromedriverVersion: 83.0.4103.39 (ccbf011cb2d2b..., userDataDir: C:\Users\AVIKCH~1\AppData\L...}, goog:chromeOptions: {debuggerAddress: localhost:50510}, javascriptEnabled: true, networkConnectionEnabled: false, pageLoadStrategy: normal, platform: WINDOWS, platformName: WINDOWS, proxy: Proxy(), setWindowRect: true, strictFileInteractability: false, timeouts: {implicit: 0, pageLoad: 300000, script: 30000}, unhandledPromptBehavior: dismiss and notify, webauthn:virtualAuthenticators: true}
Session ID: ea1024cfc5ce5325ca0bff801d8d6268
	at sun.reflect.NativeConstructorAccessorImpl.newInstance0(Native Method)
	at sun.reflect.NativeConstructorAccessorImpl.newInstance(NativeConstructorAccessorImpl.java:62)
	at sun.reflect.DelegatingConstructorAccessorImpl.newInstance(DelegatingConstructorAccessorImpl.java:45)
	at java.lang.reflect.Constructor.newInstance(Constructor.java:423)
	at org.openqa.selenium.remote.http.W3CHttpResponseCodec.createException(W3CHttpResponseCodec.java:187)
	at org.openqa.selenium.remote.http.W3CHttpResponseCodec.decode(W3CHttpResponseCodec.java:122)
	at org.openqa.selenium.remote.http.W3CHttpResponseCodec.decode(W3CHttpResponseCodec.java:49)
	at org.openqa.selenium.remote.HttpCommandExecutor.execute(HttpCommandExecutor.java:158)
	at org.openqa.selenium.remote.service.DriverCommandExecutor.execute(DriverCommandExecutor.java:83)
	at org.openqa.selenium.remote.RemoteWebDriver.execute(RemoteWebDriver.java:552)
	at org.openqa.selenium.remote.RemoteWebElement.execute(RemoteWebElement.java:285)
	at org.openqa.selenium.remote.RemoteWebElement.click(RemoteWebElement.java:84)
	at com.cg.stepDefinition.BookingFlightStepDef.user_selects(BookingFlightStepDef.java:95)
	at ✽.And user selects &quot;01/08/2020&quot;(booking.feature:6)
</error>
  </testcase>
  <testcase classname="| New Delhi | Mumbai | 01/08/2020 |" name="Then user clicks on search flight button" time="0.016">
    <skipped/>
  </testcase>
</testsuite>